# JRE version: OpenJDK Runtime Environment (8.0_242-b01) (build 1.8.0_242-release-1644-b01)
# Java VM: OpenJDK 64-Bit Server VM (25.242-b01 mixed mode windows-amd64 compressed oops)
Heap:
 PSYoungGen      total 271360K, used 74425K [0x00000000d5580000, 0x00000000e8580000, 0x0000000100000000)
  eden space 247296K, 30% used [0x00000000d5580000,0x00000000d9e2e4f0,0x00000000e4700000)
  from space 24064K, 0% used [0x00000000e5f00000,0x00000000e5f00000,0x00000000e7680000)
  to   space 24576K, 0% used [0x00000000e4700000,0x00000000e4700000,0x00000000e5f00000)
 ParOldGen       total 96768K, used 34507K [0x0000000080000000, 0x0000000085e80000, 0x00000000d5580000)
  object space 96768K, 35% used [0x0000000080000000,0x00000000821b2c68,0x0000000085e80000)
 Metaspace       used 61285K, capacity 63502K, committed 63768K, reserved 1103872K
  class space    used 8396K, capacity 8912K, committed 9008K, reserved 1048576K
GC Heap History (10 events):
Event: 10.528 GC heap before
{Heap before GC invocations=11 (full 2):
 PSYoungGen      total 139776K, used 11744K [0x00000000d5580000, 0x00000000e1d00000, 0x0000000100000000)
  eden space 128000K, 0% used [0x00000000d5580000,0x00000000d5580000,0x00000000dd280000)
  from space 11776K, 99% used [0x00000000dd280000,0x00000000dddf8360,0x00000000dde00000)
  to   space 13312K, 0% used [0x00000000e1000000,0x00000000e1000000,0x00000000e1d00000)
 ParOldGen       total 49152K, used 7385K [0x0000000080000000, 0x0000000083000000, 0x00000000d5580000)
  object space 49152K, 15% used [0x0000000080000000,0x0000000080736410,0x0000000083000000)
 Metaspace       used 34466K, capacity 35374K, committed 35496K, reserved 1079296K
  class space    used 4718K, capacity 4966K, committed 5040K, reserved 1048576K
Event: 10.619 GC heap after
Heap after GC invocations=11 (full 2):
 PSYoungGen      total 139776K, used 0K [0x00000000d5580000, 0x00000000e1d00000, 0x0000000100000000)
  eden space 128000K, 0% used [0x00000000d5580000,0x00000000d5580000,0x00000000dd280000)
  from space 11776K, 0% used [0x00000000dd280000,0x00000000dd280000,0x00000000dde00000)
  to   space 13312K, 0% used [0x00000000e1000000,0x00000000e1000000,0x00000000e1d00000)
 ParOldGen       total 68608K, used 18571K [0x0000000080000000, 0x0000000084300000, 0x00000000d5580000)
  object space 68608K, 27% used [0x0000000080000000,0x0000000081222e20,0x0000000084300000)
 Metaspace       used 34466K, capacity 35374K, committed 35496K, reserved 1079296K
  class space    used 4718K, capacity 4966K, committed 5040K, reserved 1048576K
}
Event: 15.274 GC heap before
{Heap before GC invocations=12 (full 2):
 PSYoungGen      total 139776K, used 128000K [0x00000000d5580000, 0x00000000e1d00000, 0x0000000100000000)
  eden space 128000K, 100% used [0x00000000d5580000,0x00000000dd280000,0x00000000dd280000)
  from space 11776K, 0% used [0x00000000dd280000,0x00000000dd280000,0x00000000dde00000)
  to   space 13312K, 0% used [0x00000000e1000000,0x00000000e1000000,0x00000000e1d00000)
 ParOldGen       total 68608K, used 18571K [0x0000000080000000, 0x0000000084300000, 0x00000000d5580000)
  object space 68608K, 27% used [0x0000000080000000,0x0000000081222e20,0x0000000084300000)
 Metaspace       used 44712K, capacity 46348K, committed 46504K, reserved 1089536K
  class space    used 6043K, capacity 6464K, committed 6576K, reserved 1048576K
Event: 15.394 GC heap after
Heap after GC invocations=12 (full 2):
 PSYoungGen      total 186880K, used 13291K [0x00000000d5580000, 0x00000000e2d80000, 0x0000000100000000)
  eden space 173568K, 0% used [0x00000000d5580000,0x00000000d5580000,0x00000000dff00000)
  from space 13312K, 99% used [0x00000000e1000000,0x00000000e1cfacb0,0x00000000e1d00000)
  to   space 17408K, 0% used [0x00000000dff00000,0x00000000dff00000,0x00000000e1000000)
 ParOldGen       total 68608K, used 23979K [0x0000000080000000, 0x0000000084300000, 0x00000000d5580000)
  object space 68608K, 34% used [0x0000000080000000,0x000000008176adc8,0x0000000084300000)
 Metaspace       used 44712K, capacity 46348K, committed 46504K, reserved 1089536K
  class space    used 6043K, capacity 6464K, committed 6576K, reserved 1048576K
}
Event: 21.580 GC heap before
{Heap before GC invocations=13 (full 2):
 PSYoungGen      total 186880K, used 186859K [0x00000000d5580000, 0x00000000e2d80000, 0x0000000100000000)
  eden space 173568K, 100% used [0x00000000d5580000,0x00000000dff00000,0x00000000dff00000)
  from space 13312K, 99% used [0x00000000e1000000,0x00000000e1cfacb0,0x00000000e1d00000)
  to   space 17408K, 0% used [0x00000000dff00000,0x00000000dff00000,0x00000000e1000000)
 ParOldGen       total 68608K, used 23979K [0x0000000080000000, 0x0000000084300000, 0x00000000d5580000)
  object space 68608K, 34% used [0x0000000080000000,0x000000008176adc8,0x0000000084300000)
 Metaspace       used 56873K, capacity 58916K, committed 59160K, reserved 1099776K
  class space    used 7698K, capacity 8217K, committed 8240K, reserved 1048576K
Event: 21.636 GC heap after
Heap after GC invocations=13 (full 2):
 PSYoungGen      total 190976K, used 17407K [0x00000000d5580000, 0x00000000e7680000, 0x0000000100000000)
  eden space 173568K, 0% used [0x00000000d5580000,0x00000000d5580000,0x00000000dff00000)
  from space 17408K, 99% used [0x00000000dff00000,0x00000000e0fffc38,0x00000000e1000000)
  to   space 24064K, 0% used [0x00000000e5f00000,0x00000000e5f00000,0x00000000e7680000)
 ParOldGen       total 68608K, used 36402K [0x0000000080000000, 0x0000000084300000, 0x00000000d5580000)
  object space 68608K, 53% used [0x0000000080000000,0x000000008238cb18,0x0000000084300000)
 Metaspace       used 56873K, capacity 58916K, committed 59160K, reserved 1099776K
  class space    used 7698K, capacity 8217K, committed 8240K, reserved 1048576K
}
Event: 21.729 GC heap before
{Heap before GC invocations=14 (full 2):
 PSYoungGen      total 190976K, used 30472K [0x00000000d5580000, 0x00000000e7680000, 0x0000000100000000)
  eden space 173568K, 7% used [0x00000000d5580000,0x00000000d6242718,0x00000000dff00000)
  from space 17408K, 99% used [0x00000000dff00000,0x00000000e0fffc38,0x00000000e1000000)
  to   space 24064K, 0% used [0x00000000e5f00000,0x00000000e5f00000,0x00000000e7680000)
 ParOldGen       total 68608K, used 36402K [0x0000000080000000, 0x0000000084300000, 0x00000000d5580000)
  object space 68608K, 53% used [0x0000000080000000,0x000000008238cb18,0x0000000084300000)
 Metaspace       used 57052K, capacity 59104K, committed 59160K, reserved 1099776K
  class space    used 7723K, capacity 8231K, committed 8240K, reserved 1048576K
Event: 21.764 GC heap after
Heap after GC invocations=14 (full 2):
 PSYoungGen      total 271360K, used 1120K [0x00000000d5580000, 0x00000000e8580000, 0x0000000100000000)
  eden space 247296K, 0% used [0x00000000d5580000,0x00000000d5580000,0x00000000e4700000)
  from space 24064K, 4% used [0x00000000e5f00000,0x00000000e6018000,0x00000000e7680000)
  to   space 24576K, 0% used [0x00000000e4700000,0x00000000e4700000,0x00000000e5f00000)
 ParOldGen       total 68608K, used 47474K [0x0000000080000000, 0x0000000084300000, 0x00000000d5580000)
  object space 68608K, 69% used [0x0000000080000000,0x0000000082e5cab0,0x0000000084300000)
 Metaspace       used 57052K, capacity 59104K, committed 59160K, reserved 1099776K
  class space    used 7723K, capacity 8231K, committed 8240K, reserved 1048576K
}
Event: 21.764 GC heap before
{Heap before GC invocations=15 (full 3):
 PSYoungGen      total 271360K, used 1120K [0x00000000d5580000, 0x00000000e8580000, 0x0000000100000000)
  eden space 247296K, 0% used [0x00000000d5580000,0x00000000d5580000,0x00000000e4700000)
  from space 24064K, 4% used [0x00000000e5f00000,0x00000000e6018000,0x00000000e7680000)
  to   space 24576K, 0% used [0x00000000e4700000,0x00000000e4700000,0x00000000e5f00000)
 ParOldGen       total 68608K, used 47474K [0x0000000080000000, 0x0000000084300000, 0x00000000d5580000)
  object space 68608K, 69% used [0x0000000080000000,0x0000000082e5cab0,0x0000000084300000)
 Metaspace       used 57052K, capacity 59104K, committed 59160K, reserved 1099776K
  class space    used 7723K, capacity 8231K, committed 8240K, reserved 1048576K
Event: 22.018 GC heap after
Heap after GC invocations=15 (full 3):
 PSYoungGen      total 271360K, used 0K [0x00000000d5580000, 0x00000000e8580000, 0x0000000100000000)
  eden space 247296K, 0% used [0x00000000d5580000,0x00000000d5580000,0x00000000e4700000)
  from space 24064K, 0% used [0x00000000e5f00000,0x00000000e5f00000,0x00000000e7680000)
  to   space 24576K, 0% used [0x00000000e4700000,0x00000000e4700000,0x00000000e5f00000)
 ParOldGen       total 96768K, used 34507K [0x0000000080000000, 0x0000000085e80000, 0x00000000d5580000)
  object space 96768K, 35% used [0x0000000080000000,0x00000000821b2c68,0x0000000085e80000)
 Metaspace       used 57040K, capacity 59062K, committed 59160K, reserved 1099776K
  class space    used 7719K, capacity 8224K, committed 8240K, reserved 1048576K
}

