# JRE version: OpenJDK Runtime Environment (8.0_242-b01) (build 1.8.0_242-release-1644-b01)
# Java VM: OpenJDK 64-Bit Server VM (25.242-b01 mixed mode windows-amd64 compressed oops)
Heap:
 PSYoungGen      total 643072K, used 564011K [0x00000000d5580000, 0x00000000ff880000, 0x0000000100000000)
  eden space 592896K, 93% used [0x00000000d5580000,0x00000000f74608c8,0x00000000f9880000)
  from space 50176K, 16% used [0x00000000fc780000,0x00000000fcf6a3e0,0x00000000ff880000)
  to   space 48128K, 0% used [0x00000000f9880000,0x00000000f9880000,0x00000000fc780000)
 ParOldGen       total 254976K, used 201502K [0x0000000080000000, 0x000000008f900000, 0x00000000d5580000)
  object space 254976K, 79% used [0x0000000080000000,0x000000008c4c7be0,0x000000008f900000)
 Metaspace       used 110374K, capacity 115657K, committed 118040K, reserved 1150976K
  class space    used 14222K, capacity 15216K, committed 15664K, reserved 1048576K
GC Heap History (10 events):
Event: 18354.872 GC heap before
{Heap before GC invocations=34 (full 6):
 PSYoungGen      total 622592K, used 562109K [0x00000000d5580000, 0x00000000ffa80000, 0x0000000100000000)
  eden space 557568K, 100% used [0x00000000d5580000,0x00000000f7600000,0x00000000f7600000)
  from space 65024K, 6% used [0x00000000f7600000,0x00000000f7a6f540,0x00000000fb580000)
  to   space 62976K, 0% used [0x00000000fbd00000,0x00000000fbd00000,0x00000000ffa80000)
 ParOldGen       total 254976K, used 179495K [0x0000000080000000, 0x000000008f900000, 0x00000000d5580000)
  object space 254976K, 70% used [0x0000000080000000,0x000000008af49c90,0x000000008f900000)
 Metaspace       used 110256K, capacity 115529K, committed 118040K, reserved 1150976K
  class space    used 14216K, capacity 15208K, committed 15664K, reserved 1048576K
Event: 18354.925 GC heap after
Heap after GC invocations=34 (full 6):
 PSYoungGen      total 630272K, used 11907K [0x00000000d5580000, 0x00000000ff700000, 0x0000000100000000)
  eden space 570880K, 0% used [0x00000000d5580000,0x00000000d5580000,0x00000000f8300000)
  from space 59392K, 20% used [0x00000000fbd00000,0x00000000fc8a0d68,0x00000000ff700000)
  to   space 59392K, 0% used [0x00000000f8300000,0x00000000f8300000,0x00000000fbd00000)
 ParOldGen       total 254976K, used 182416K [0x0000000080000000, 0x000000008f900000, 0x00000000d5580000)
  object space 254976K, 71% used [0x0000000080000000,0x000000008b2242f8,0x000000008f900000)
 Metaspace       used 110256K, capacity 115529K, committed 118040K, reserved 1150976K
  class space    used 14216K, capacity 15208K, committed 15664K, reserved 1048576K
}
Event: 18357.127 GC heap before
{Heap before GC invocations=35 (full 6):
 PSYoungGen      total 630272K, used 582787K [0x00000000d5580000, 0x00000000ff700000, 0x0000000100000000)
  eden space 570880K, 100% used [0x00000000d5580000,0x00000000f8300000,0x00000000f8300000)
  from space 59392K, 20% used [0x00000000fbd00000,0x00000000fc8a0d68,0x00000000ff700000)
  to   space 59392K, 0% used [0x00000000f8300000,0x00000000f8300000,0x00000000fbd00000)
 ParOldGen       total 254976K, used 182416K [0x0000000080000000, 0x000000008f900000, 0x00000000d5580000)
  object space 254976K, 71% used [0x0000000080000000,0x000000008b2242f8,0x000000008f900000)
 Metaspace       used 110267K, capacity 115597K, committed 118040K, reserved 1150976K
  class space    used 14216K, capacity 15208K, committed 15664K, reserved 1048576K
Event: 18357.143 GC heap after
Heap after GC invocations=35 (full 6):
 PSYoungGen      total 630272K, used 9167K [0x00000000d5580000, 0x00000000ffa00000, 0x0000000100000000)
  eden space 570880K, 0% used [0x00000000d5580000,0x00000000d5580000,0x00000000f8300000)
  from space 59392K, 15% used [0x00000000f8300000,0x00000000f8bf3c98,0x00000000fbd00000)
  to   space 56320K, 0% used [0x00000000fc300000,0x00000000fc300000,0x00000000ffa00000)
 ParOldGen       total 254976K, used 184419K [0x0000000080000000, 0x000000008f900000, 0x00000000d5580000)
  object space 254976K, 72% used [0x0000000080000000,0x000000008b418c18,0x000000008f900000)
 Metaspace       used 110267K, capacity 115597K, committed 118040K, reserved 1150976K
  class space    used 14216K, capacity 15208K, committed 15664K, reserved 1048576K
}
Event: 18358.711 GC heap before
{Heap before GC invocations=36 (full 6):
 PSYoungGen      total 630272K, used 580047K [0x00000000d5580000, 0x00000000ffa00000, 0x0000000100000000)
  eden space 570880K, 100% used [0x00000000d5580000,0x00000000f8300000,0x00000000f8300000)
  from space 59392K, 15% used [0x00000000f8300000,0x00000000f8bf3c98,0x00000000fbd00000)
  to   space 56320K, 0% used [0x00000000fc300000,0x00000000fc300000,0x00000000ffa00000)
 ParOldGen       total 254976K, used 184419K [0x0000000080000000, 0x000000008f900000, 0x00000000d5580000)
  object space 254976K, 72% used [0x0000000080000000,0x000000008b418c18,0x000000008f900000)
 Metaspace       used 110277K, capacity 115597K, committed 118040K, reserved 1150976K
  class space    used 14216K, capacity 15208K, committed 15664K, reserved 1048576K
Event: 18358.728 GC heap after
Heap after GC invocations=36 (full 6):
 PSYoungGen      total 636928K, used 6414K [0x00000000d5580000, 0x00000000ff800000, 0x0000000100000000)
  eden space 582656K, 0% used [0x00000000d5580000,0x00000000d5580000,0x00000000f8e80000)
  from space 54272K, 11% used [0x00000000fc300000,0x00000000fc943810,0x00000000ff800000)
  to   space 53760K, 0% used [0x00000000f8e80000,0x00000000f8e80000,0x00000000fc300000)
 ParOldGen       total 254976K, used 189152K [0x0000000080000000, 0x000000008f900000, 0x00000000d5580000)
  object space 254976K, 74% used [0x0000000080000000,0x000000008b8b8048,0x000000008f900000)
 Metaspace       used 110277K, capacity 115597K, committed 118040K, reserved 1150976K
  class space    used 14216K, capacity 15208K, committed 15664K, reserved 1048576K
}
Event: 18360.213 GC heap before
{Heap before GC invocations=37 (full 6):
 PSYoungGen      total 636928K, used 589070K [0x00000000d5580000, 0x00000000ff800000, 0x0000000100000000)
  eden space 582656K, 100% used [0x00000000d5580000,0x00000000f8e80000,0x00000000f8e80000)
  from space 54272K, 11% used [0x00000000fc300000,0x00000000fc943810,0x00000000ff800000)
  to   space 53760K, 0% used [0x00000000f8e80000,0x00000000f8e80000,0x00000000fc300000)
 ParOldGen       total 254976K, used 189152K [0x0000000080000000, 0x000000008f900000, 0x00000000d5580000)
  object space 254976K, 74% used [0x0000000080000000,0x000000008b8b8048,0x000000008f900000)
 Metaspace       used 110293K, capacity 115601K, committed 118040K, reserved 1150976K
  class space    used 14217K, capacity 15208K, committed 15664K, reserved 1048576K
Event: 18360.243 GC heap after
Heap after GC invocations=37 (full 6):
 PSYoungGen      total 636416K, used 13915K [0x00000000d5580000, 0x00000000ff880000, 0x0000000100000000)
  eden space 582656K, 0% used [0x00000000d5580000,0x00000000d5580000,0x00000000f8e80000)
  from space 53760K, 25% used [0x00000000f8e80000,0x00000000f9c16e68,0x00000000fc300000)
  to   space 50176K, 0% used [0x00000000fc780000,0x00000000fc780000,0x00000000ff880000)
 ParOldGen       total 254976K, used 190966K [0x0000000080000000, 0x000000008f900000, 0x00000000d5580000)
  object space 254976K, 74% used [0x0000000080000000,0x000000008ba7d808,0x000000008f900000)
 Metaspace       used 110293K, capacity 115601K, committed 118040K, reserved 1150976K
  class space    used 14217K, capacity 15208K, committed 15664K, reserved 1048576K
}
Event: 18362.253 GC heap before
{Heap before GC invocations=38 (full 6):
 PSYoungGen      total 636416K, used 596571K [0x00000000d5580000, 0x00000000ff880000, 0x0000000100000000)
  eden space 582656K, 100% used [0x00000000d5580000,0x00000000f8e80000,0x00000000f8e80000)
  from space 53760K, 25% used [0x00000000f8e80000,0x00000000f9c16e68,0x00000000fc300000)
  to   space 50176K, 0% used [0x00000000fc780000,0x00000000fc780000,0x00000000ff880000)
 ParOldGen       total 254976K, used 190966K [0x0000000080000000, 0x000000008f900000, 0x00000000d5580000)
  object space 254976K, 74% used [0x0000000080000000,0x000000008ba7d808,0x000000008f900000)
 Metaspace       used 110345K, capacity 115645K, committed 118040K, reserved 1150976K
  class space    used 14221K, capacity 15214K, committed 15664K, reserved 1048576K
Event: 18362.311 GC heap after
Heap after GC invocations=38 (full 6):
 PSYoungGen      total 643072K, used 8104K [0x00000000d5580000, 0x00000000ff880000, 0x0000000100000000)
  eden space 592896K, 0% used [0x00000000d5580000,0x00000000d5580000,0x00000000f9880000)
  from space 50176K, 16% used [0x00000000fc780000,0x00000000fcf6a3e0,0x00000000ff880000)
  to   space 48128K, 0% used [0x00000000f9880000,0x00000000f9880000,0x00000000fc780000)
 ParOldGen       total 254976K, used 201502K [0x0000000080000000, 0x000000008f900000, 0x00000000d5580000)
  object space 254976K, 79% used [0x0000000080000000,0x000000008c4c7be0,0x000000008f900000)
 Metaspace       used 110345K, capacity 115645K, committed 118040K, reserved 1150976K
  class space    used 14221K, capacity 15214K, committed 15664K, reserved 1048576K
}

