# JRE version: OpenJDK Runtime Environment (8.0_242-b01) (build 1.8.0_242-release-1644-b01)
# Java VM: OpenJDK 64-Bit Server VM (25.242-b01 mixed mode windows-amd64 compressed oops)
Heap:
 PSYoungGen      total 132096K, used 14093K [0x00000000d5f00000, 0x00000000e0c80000, 0x0000000100000000)
  eden space 102400K, 13% used [0x00000000d5f00000,0x00000000d6cc34e8,0x00000000dc300000)
  from space 29696K, 0% used [0x00000000de580000,0x00000000de580000,0x00000000e0280000)
  to   space 35328K, 0% used [0x00000000dc300000,0x00000000dc300000,0x00000000de580000)
 ParOldGen       total 130048K, used 57187K [0x0000000081c00000, 0x0000000089b00000, 0x00000000d5f00000)
  object space 130048K, 43% used [0x0000000081c00000,0x00000000853d8ca0,0x0000000089b00000)
 Metaspace       used 58128K, capacity 59365K, committed 59672K, reserved 1101824K
  class space    used 6866K, capacity 7182K, committed 7208K, reserved 1048576K
GC Heap History (10 events):
Event: 14.397 GC heap before
{Heap before GC invocations=9 (full 2):
 PSYoungGen      total 84992K, used 65536K [0x00000000d5f00000, 0x00000000dee80000, 0x0000000100000000)
  eden space 65536K, 100% used [0x00000000d5f00000,0x00000000d9f00000,0x00000000d9f00000)
  from space 19456K, 0% used [0x00000000db180000,0x00000000db180000,0x00000000dc480000)
  to   space 18944K, 0% used [0x00000000d9f00000,0x00000000d9f00000,0x00000000db180000)
 ParOldGen       total 130048K, used 31943K [0x0000000081c00000, 0x0000000089b00000, 0x00000000d5f00000)
  object space 130048K, 24% used [0x0000000081c00000,0x0000000083b31ef0,0x0000000089b00000)
 Metaspace       used 43661K, capacity 44457K, committed 44712K, reserved 1087488K
  class space    used 5476K, capacity 5720K, committed 5800K, reserved 1048576K
Event: 14.447 GC heap after
Heap after GC invocations=9 (full 2):
 PSYoungGen      total 84480K, used 14920K [0x00000000d5f00000, 0x00000000de000000, 0x0000000100000000)
  eden space 65536K, 0% used [0x00000000d5f00000,0x00000000d5f00000,0x00000000d9f00000)
  from space 18944K, 78% used [0x00000000d9f00000,0x00000000dad92080,0x00000000db180000)
  to   space 19968K, 0% used [0x00000000dcc80000,0x00000000dcc80000,0x00000000de000000)
 ParOldGen       total 130048K, used 31951K [0x0000000081c00000, 0x0000000089b00000, 0x00000000d5f00000)
  object space 130048K, 24% used [0x0000000081c00000,0x0000000083b33ef0,0x0000000089b00000)
 Metaspace       used 43661K, capacity 44457K, committed 44712K, reserved 1087488K
  class space    used 5476K, capacity 5720K, committed 5800K, reserved 1048576K
}
Event: 17.563 GC heap before
{Heap before GC invocations=10 (full 2):
 PSYoungGen      total 84480K, used 80456K [0x00000000d5f00000, 0x00000000de000000, 0x0000000100000000)
  eden space 65536K, 100% used [0x00000000d5f00000,0x00000000d9f00000,0x00000000d9f00000)
  from space 18944K, 78% used [0x00000000d9f00000,0x00000000dad92080,0x00000000db180000)
  to   space 19968K, 0% used [0x00000000dcc80000,0x00000000dcc80000,0x00000000de000000)
 ParOldGen       total 130048K, used 31951K [0x0000000081c00000, 0x0000000089b00000, 0x00000000d5f00000)
  object space 130048K, 24% used [0x0000000081c00000,0x0000000083b33ef0,0x0000000089b00000)
 Metaspace       used 47017K, capacity 47917K, committed 48296K, reserved 1091584K
  class space    used 5721K, capacity 5976K, committed 6056K, reserved 1048576K
Event: 17.603 GC heap after
Heap after GC invocations=10 (full 2):
 PSYoungGen      total 109568K, used 19515K [0x00000000d5f00000, 0x00000000de280000, 0x0000000100000000)
  eden space 89600K, 0% used [0x00000000d5f00000,0x00000000d5f00000,0x00000000db680000)
  from space 19968K, 97% used [0x00000000dcc80000,0x00000000ddf8ed60,0x00000000de000000)
  to   space 22528K, 0% used [0x00000000db680000,0x00000000db680000,0x00000000dcc80000)
 ParOldGen       total 130048K, used 31959K [0x0000000081c00000, 0x0000000089b00000, 0x00000000d5f00000)
  object space 130048K, 24% used [0x0000000081c00000,0x0000000083b35ef0,0x0000000089b00000)
 Metaspace       used 47017K, capacity 47917K, committed 48296K, reserved 1091584K
  class space    used 5721K, capacity 5976K, committed 6056K, reserved 1048576K
}
Event: 21.187 GC heap before
{Heap before GC invocations=11 (full 2):
 PSYoungGen      total 109568K, used 109115K [0x00000000d5f00000, 0x00000000de280000, 0x0000000100000000)
  eden space 89600K, 100% used [0x00000000d5f00000,0x00000000db680000,0x00000000db680000)
  from space 19968K, 97% used [0x00000000dcc80000,0x00000000ddf8ed60,0x00000000de000000)
  to   space 22528K, 0% used [0x00000000db680000,0x00000000db680000,0x00000000dcc80000)
 ParOldGen       total 130048K, used 31959K [0x0000000081c00000, 0x0000000089b00000, 0x00000000d5f00000)
  object space 130048K, 24% used [0x0000000081c00000,0x0000000083b35ef0,0x0000000089b00000)
 Metaspace       used 54473K, capacity 55637K, committed 55976K, reserved 1097728K
  class space    used 6686K, capacity 7002K, committed 7080K, reserved 1048576K
Event: 21.237 GC heap after
Heap after GC invocations=11 (full 2):
 PSYoungGen      total 112128K, used 22498K [0x00000000d5f00000, 0x00000000e0280000, 0x0000000100000000)
  eden space 89600K, 0% used [0x00000000d5f00000,0x00000000d5f00000,0x00000000db680000)
  from space 22528K, 99% used [0x00000000db680000,0x00000000dcc78a88,0x00000000dcc80000)
  to   space 29696K, 0% used [0x00000000de580000,0x00000000de580000,0x00000000e0280000)
 ParOldGen       total 130048K, used 41956K [0x0000000081c00000, 0x0000000089b00000, 0x00000000d5f00000)
  object space 130048K, 32% used [0x0000000081c00000,0x00000000844f9368,0x0000000089b00000)
 Metaspace       used 54473K, capacity 55637K, committed 55976K, reserved 1097728K
  class space    used 6686K, capacity 7002K, committed 7080K, reserved 1048576K
}
Event: 26.150 GC heap before
{Heap before GC invocations=12 (full 2):
 PSYoungGen      total 112128K, used 90070K [0x00000000d5f00000, 0x00000000e0280000, 0x0000000100000000)
  eden space 89600K, 75% used [0x00000000d5f00000,0x00000000da0fcf58,0x00000000db680000)
  from space 22528K, 99% used [0x00000000db680000,0x00000000dcc78a88,0x00000000dcc80000)
  to   space 29696K, 0% used [0x00000000de580000,0x00000000de580000,0x00000000e0280000)
 ParOldGen       total 130048K, used 41956K [0x0000000081c00000, 0x0000000089b00000, 0x00000000d5f00000)
  object space 130048K, 32% used [0x0000000081c00000,0x00000000844f9368,0x0000000089b00000)
 Metaspace       used 57834K, capacity 59035K, committed 59160K, reserved 1101824K
  class space    used 6850K, capacity 7181K, committed 7208K, reserved 1048576K
Event: 26.217 GC heap after
Heap after GC invocations=12 (full 2):
 PSYoungGen      total 132096K, used 29681K [0x00000000d5f00000, 0x00000000e0c80000, 0x0000000100000000)
  eden space 102400K, 0% used [0x00000000d5f00000,0x00000000d5f00000,0x00000000dc300000)
  from space 29696K, 99% used [0x00000000de580000,0x00000000e027c420,0x00000000e0280000)
  to   space 35328K, 0% used [0x00000000dc300000,0x00000000dc300000,0x00000000de580000)
 ParOldGen       total 130048K, used 46236K [0x0000000081c00000, 0x0000000089b00000, 0x00000000d5f00000)
  object space 130048K, 35% used [0x0000000081c00000,0x00000000849271e8,0x0000000089b00000)
 Metaspace       used 57834K, capacity 59035K, committed 59160K, reserved 1101824K
  class space    used 6850K, capacity 7181K, committed 7208K, reserved 1048576K
}
Event: 26.217 GC heap before
{Heap before GC invocations=13 (full 3):
 PSYoungGen      total 132096K, used 29681K [0x00000000d5f00000, 0x00000000e0c80000, 0x0000000100000000)
  eden space 102400K, 0% used [0x00000000d5f00000,0x00000000d5f00000,0x00000000dc300000)
  from space 29696K, 99% used [0x00000000de580000,0x00000000e027c420,0x00000000e0280000)
  to   space 35328K, 0% used [0x00000000dc300000,0x00000000dc300000,0x00000000de580000)
 ParOldGen       total 130048K, used 46236K [0x0000000081c00000, 0x0000000089b00000, 0x00000000d5f00000)
  object space 130048K, 35% used [0x0000000081c00000,0x00000000849271e8,0x0000000089b00000)
 Metaspace       used 57834K, capacity 59035K, committed 59160K, reserved 1101824K
  class space    used 6850K, capacity 7181K, committed 7208K, reserved 1048576K
Event: 26.827 GC heap after
Heap after GC invocations=13 (full 3):
 PSYoungGen      total 132096K, used 0K [0x00000000d5f00000, 0x00000000e0c80000, 0x0000000100000000)
  eden space 102400K, 0% used [0x00000000d5f00000,0x00000000d5f00000,0x00000000dc300000)
  from space 29696K, 0% used [0x00000000de580000,0x00000000de580000,0x00000000e0280000)
  to   space 35328K, 0% used [0x00000000dc300000,0x00000000dc300000,0x00000000de580000)
 ParOldGen       total 130048K, used 57187K [0x0000000081c00000, 0x0000000089b00000, 0x00000000d5f00000)
  object space 130048K, 43% used [0x0000000081c00000,0x00000000853d8ca0,0x0000000089b00000)
 Metaspace       used 57834K, capacity 59035K, committed 59160K, reserved 1101824K
  class space    used 6850K, capacity 7181K, committed 7208K, reserved 1048576K
}

