# JRE version: OpenJDK Runtime Environment (8.0_242-b01) (build 1.8.0_242-release-1644-b01)
# Java VM: OpenJDK 64-Bit Server VM (25.242-b01 mixed mode windows-amd64 compressed oops)
Heap:
 PSYoungGen      total 103424K, used 1841K [0x00000000d5580000, 0x00000000dc600000, 0x0000000100000000)
  eden space 91648K, 2% used [0x00000000d5580000,0x00000000d574c528,0x00000000daf00000)
  from space 11776K, 0% used [0x00000000daf00000,0x00000000daf00000,0x00000000dba80000)
  to   space 10752K, 0% used [0x00000000dbb80000,0x00000000dbb80000,0x00000000dc600000)
 ParOldGen       total 47616K, used 14217K [0x0000000080000000, 0x0000000082e80000, 0x00000000d5580000)
  object space 47616K, 29% used [0x0000000080000000,0x0000000080de25e0,0x0000000082e80000)
 Metaspace       used 33793K, capacity 34628K, committed 34864K, reserved 1081344K
  class space    used 4633K, capacity 4873K, committed 4912K, reserved 1048576K
GC Heap History (10 events):
Event: 8.605 GC heap before
{Heap before GC invocations=9 (full 1):
 PSYoungGen      total 43008K, used 31744K [0x00000000d5580000, 0x00000000da980000, 0x0000000100000000)
  eden space 31744K, 100% used [0x00000000d5580000,0x00000000d7480000,0x00000000d7480000)
  from space 11264K, 0% used [0x00000000d7480000,0x00000000d7480000,0x00000000d7f80000)
  to   space 11264K, 0% used [0x00000000d9e80000,0x00000000d9e80000,0x00000000da980000)
 ParOldGen       total 47616K, used 6992K [0x0000000080000000, 0x0000000082e80000, 0x00000000d5580000)
  object space 47616K, 14% used [0x0000000080000000,0x00000000806d4190,0x0000000082e80000)
 Metaspace       used 22732K, capacity 23430K, committed 23728K, reserved 1069056K
  class space    used 3236K, capacity 3479K, committed 3504K, reserved 1048576K
Event: 8.612 GC heap after
Heap after GC invocations=9 (full 1):
 PSYoungGen      total 68608K, used 2870K [0x00000000d5580000, 0x00000000da680000, 0x0000000100000000)
  eden space 60416K, 0% used [0x00000000d5580000,0x00000000d5580000,0x00000000d9080000)
  from space 8192K, 35% used [0x00000000d9e80000,0x00000000da14d888,0x00000000da680000)
  to   space 11264K, 0% used [0x00000000d9080000,0x00000000d9080000,0x00000000d9b80000)
 ParOldGen       total 47616K, used 7000K [0x0000000080000000, 0x0000000082e80000, 0x00000000d5580000)
  object space 47616K, 14% used [0x0000000080000000,0x00000000806d6190,0x0000000082e80000)
 Metaspace       used 22732K, capacity 23430K, committed 23728K, reserved 1069056K
  class space    used 3236K, capacity 3479K, committed 3504K, reserved 1048576K
}
Event: 10.813 GC heap before
{Heap before GC invocations=10 (full 1):
 PSYoungGen      total 68608K, used 63286K [0x00000000d5580000, 0x00000000da680000, 0x0000000100000000)
  eden space 60416K, 100% used [0x00000000d5580000,0x00000000d9080000,0x00000000d9080000)
  from space 8192K, 35% used [0x00000000d9e80000,0x00000000da14d888,0x00000000da680000)
  to   space 11264K, 0% used [0x00000000d9080000,0x00000000d9080000,0x00000000d9b80000)
 ParOldGen       total 47616K, used 7000K [0x0000000080000000, 0x0000000082e80000, 0x00000000d5580000)
  object space 47616K, 14% used [0x0000000080000000,0x00000000806d6190,0x0000000082e80000)
 Metaspace       used 30661K, capacity 31418K, committed 31536K, reserved 1077248K
  class space    used 4157K, capacity 4396K, committed 4400K, reserved 1048576K
Event: 10.871 GC heap after
Heap after GC invocations=10 (full 1):
 PSYoungGen      total 71680K, used 8497K [0x00000000d5580000, 0x00000000dc700000, 0x0000000100000000)
  eden space 60416K, 0% used [0x00000000d5580000,0x00000000d5580000,0x00000000d9080000)
  from space 11264K, 75% used [0x00000000d9080000,0x00000000d98cc610,0x00000000d9b80000)
  to   space 11776K, 0% used [0x00000000dbb80000,0x00000000dbb80000,0x00000000dc700000)
 ParOldGen       total 47616K, used 7008K [0x0000000080000000, 0x0000000082e80000, 0x00000000d5580000)
  object space 47616K, 14% used [0x0000000080000000,0x00000000806d8190,0x0000000082e80000)
 Metaspace       used 30661K, capacity 31418K, committed 31536K, reserved 1077248K
  class space    used 4157K, capacity 4396K, committed 4400K, reserved 1048576K
}
Event: 15.731 GC heap before
{Heap before GC invocations=11 (full 1):
 PSYoungGen      total 71680K, used 68913K [0x00000000d5580000, 0x00000000dc700000, 0x0000000100000000)
  eden space 60416K, 100% used [0x00000000d5580000,0x00000000d9080000,0x00000000d9080000)
  from space 11264K, 75% used [0x00000000d9080000,0x00000000d98cc610,0x00000000d9b80000)
  to   space 11776K, 0% used [0x00000000dbb80000,0x00000000dbb80000,0x00000000dc700000)
 ParOldGen       total 47616K, used 7008K [0x0000000080000000, 0x0000000082e80000, 0x00000000d5580000)
  object space 47616K, 14% used [0x0000000080000000,0x00000000806d8190,0x0000000082e80000)
 Metaspace       used 33278K, capacity 34144K, committed 34352K, reserved 1079296K
  class space    used 4562K, capacity 4839K, committed 4912K, reserved 1048576K
Event: 15.754 GC heap after
Heap after GC invocations=11 (full 1):
 PSYoungGen      total 102400K, used 8371K [0x00000000d5580000, 0x00000000dc600000, 0x0000000100000000)
  eden space 91648K, 0% used [0x00000000d5580000,0x00000000d5580000,0x00000000daf00000)
  from space 10752K, 77% used [0x00000000dbb80000,0x00000000dc3acd68,0x00000000dc600000)
  to   space 11776K, 0% used [0x00000000daf00000,0x00000000daf00000,0x00000000dba80000)
 ParOldGen       total 47616K, used 7650K [0x0000000080000000, 0x0000000082e80000, 0x00000000d5580000)
  object space 47616K, 16% used [0x0000000080000000,0x0000000080778888,0x0000000082e80000)
 Metaspace       used 33278K, capacity 34144K, committed 34352K, reserved 1079296K
  class space    used 4562K, capacity 4839K, committed 4912K, reserved 1048576K
}
Event: 16.272 GC heap before
{Heap before GC invocations=12 (full 1):
 PSYoungGen      total 102400K, used 18664K [0x00000000d5580000, 0x00000000dc600000, 0x0000000100000000)
  eden space 91648K, 11% used [0x00000000d5580000,0x00000000d5f8d2a0,0x00000000daf00000)
  from space 10752K, 77% used [0x00000000dbb80000,0x00000000dc3acd68,0x00000000dc600000)
  to   space 11776K, 0% used [0x00000000daf00000,0x00000000daf00000,0x00000000dba80000)
 ParOldGen       total 47616K, used 7650K [0x0000000080000000, 0x0000000082e80000, 0x00000000d5580000)
  object space 47616K, 16% used [0x0000000080000000,0x0000000080778888,0x0000000082e80000)
 Metaspace       used 33679K, capacity 34496K, committed 34608K, reserved 1083392K
  class space    used 4623K, capacity 4871K, committed 4912K, reserved 1048576K
Event: 16.292 GC heap after
Heap after GC invocations=12 (full 1):
 PSYoungGen      total 103424K, used 788K [0x00000000d5580000, 0x00000000dc600000, 0x0000000100000000)
  eden space 91648K, 0% used [0x00000000d5580000,0x00000000d5580000,0x00000000daf00000)
  from space 11776K, 6% used [0x00000000daf00000,0x00000000dafc5070,0x00000000dba80000)
  to   space 10752K, 0% used [0x00000000dbb80000,0x00000000dbb80000,0x00000000dc600000)
 ParOldGen       total 47616K, used 13738K [0x0000000080000000, 0x0000000082e80000, 0x00000000d5580000)
  object space 47616K, 28% used [0x0000000080000000,0x0000000080d6a918,0x0000000082e80000)
 Metaspace       used 33679K, capacity 34496K, committed 34608K, reserved 1083392K
  class space    used 4623K, capacity 4871K, committed 4912K, reserved 1048576K
}
Event: 16.292 GC heap before
{Heap before GC invocations=13 (full 2):
 PSYoungGen      total 103424K, used 788K [0x00000000d5580000, 0x00000000dc600000, 0x0000000100000000)
  eden space 91648K, 0% used [0x00000000d5580000,0x00000000d5580000,0x00000000daf00000)
  from space 11776K, 6% used [0x00000000daf00000,0x00000000dafc5070,0x00000000dba80000)
  to   space 10752K, 0% used [0x00000000dbb80000,0x00000000dbb80000,0x00000000dc600000)
 ParOldGen       total 47616K, used 13738K [0x0000000080000000, 0x0000000082e80000, 0x00000000d5580000)
  object space 47616K, 28% used [0x0000000080000000,0x0000000080d6a918,0x0000000082e80000)
 Metaspace       used 33679K, capacity 34496K, committed 34608K, reserved 1083392K
  class space    used 4623K, capacity 4871K, committed 4912K, reserved 1048576K
Event: 16.475 GC heap after
Heap after GC invocations=13 (full 2):
 PSYoungGen      total 103424K, used 0K [0x00000000d5580000, 0x00000000dc600000, 0x0000000100000000)
  eden space 91648K, 0% used [0x00000000d5580000,0x00000000d5580000,0x00000000daf00000)
  from space 11776K, 0% used [0x00000000daf00000,0x00000000daf00000,0x00000000dba80000)
  to   space 10752K, 0% used [0x00000000dbb80000,0x00000000dbb80000,0x00000000dc600000)
 ParOldGen       total 47616K, used 14217K [0x0000000080000000, 0x0000000082e80000, 0x00000000d5580000)
  object space 47616K, 29% used [0x0000000080000000,0x0000000080de25e0,0x0000000082e80000)
 Metaspace       used 33679K, capacity 34496K, committed 34608K, reserved 1081344K
  class space    used 4623K, capacity 4871K, committed 4912K, reserved 1048576K
}

