# JRE version: OpenJDK Runtime Environment (8.0_242-b01) (build 1.8.0_242-release-1644-b01)
# Java VM: OpenJDK 64-Bit Server VM (25.242-b01 mixed mode windows-amd64 compressed oops)
Heap:
 PSYoungGen      total 625152K, used 602985K [0x00000000d5580000, 0x0000000100000000, 0x0000000100000000)
  eden space 571392K, 96% used [0x00000000d5580000,0x00000000f6ddbb70,0x00000000f8380000)
  from space 53760K, 99% used [0x00000000f8380000,0x00000000fb7febc0,0x00000000fb800000)
  to   space 73728K, 0% used [0x00000000fb800000,0x00000000fb800000,0x0000000100000000)
 ParOldGen       total 268288K, used 166672K [0x0000000080000000, 0x0000000090600000, 0x00000000d5580000)
  object space 268288K, 62% used [0x0000000080000000,0x000000008a2c4390,0x0000000090600000)
 Metaspace       used 102203K, capacity 106811K, committed 107048K, reserved 1142784K
  class space    used 13131K, capacity 14027K, committed 14144K, reserved 1048576K
GC Heap History (10 events):
Event: 34.071 GC heap before
{Heap before GC invocations=13 (full 3):
 PSYoungGen      total 419840K, used 394752K [0x00000000d5580000, 0x00000000f7a00000, 0x0000000100000000)
  eden space 394752K, 100% used [0x00000000d5580000,0x00000000ed700000,0x00000000ed700000)
  from space 25088K, 0% used [0x00000000ed700000,0x00000000ed700000,0x00000000eef80000)
  to   space 28160K, 0% used [0x00000000f5e80000,0x00000000f5e80000,0x00000000f7a00000)
 ParOldGen       total 128000K, used 36472K [0x0000000080000000, 0x0000000087d00000, 0x00000000d5580000)
  object space 128000K, 28% used [0x0000000080000000,0x000000008239e3e8,0x0000000087d00000)
 Metaspace       used 69756K, capacity 72535K, committed 72600K, reserved 1112064K
  class space    used 9264K, capacity 9849K, committed 9904K, reserved 1048576K
Event: 34.120 GC heap after
Heap after GC invocations=13 (full 3):
 PSYoungGen      total 517632K, used 28152K [0x00000000d5580000, 0x00000000f7a00000, 0x0000000100000000)
  eden space 489472K, 0% used [0x00000000d5580000,0x00000000d5580000,0x00000000f3380000)
  from space 28160K, 99% used [0x00000000f5e80000,0x00000000f79fe310,0x00000000f7a00000)
  to   space 33792K, 0% used [0x00000000f3800000,0x00000000f3800000,0x00000000f5900000)
 ParOldGen       total 128000K, used 40702K [0x0000000080000000, 0x0000000087d00000, 0x00000000d5580000)
  object space 128000K, 31% used [0x0000000080000000,0x00000000827bfbe0,0x0000000087d00000)
 Metaspace       used 69756K, capacity 72535K, committed 72600K, reserved 1112064K
  class space    used 9264K, capacity 9849K, committed 9904K, reserved 1048576K
}
Event: 40.829 GC heap before
{Heap before GC invocations=14 (full 3):
 PSYoungGen      total 517632K, used 517624K [0x00000000d5580000, 0x00000000f7a00000, 0x0000000100000000)
  eden space 489472K, 100% used [0x00000000d5580000,0x00000000f3380000,0x00000000f3380000)
  from space 28160K, 99% used [0x00000000f5e80000,0x00000000f79fe310,0x00000000f7a00000)
  to   space 33792K, 0% used [0x00000000f3800000,0x00000000f3800000,0x00000000f5900000)
 ParOldGen       total 128000K, used 40702K [0x0000000080000000, 0x0000000087d00000, 0x00000000d5580000)
  object space 128000K, 31% used [0x0000000080000000,0x00000000827bfbe0,0x0000000087d00000)
 Metaspace       used 77718K, capacity 80689K, committed 80920K, reserved 1120256K
  class space    used 10137K, capacity 10756K, committed 10800K, reserved 1048576K
Event: 40.869 GC heap after
Heap after GC invocations=14 (full 3):
 PSYoungGen      total 527872K, used 15638K [0x00000000d5580000, 0x00000000fd800000, 0x0000000100000000)
  eden space 494080K, 0% used [0x00000000d5580000,0x00000000d5580000,0x00000000f3800000)
  from space 33792K, 46% used [0x00000000f3800000,0x00000000f4745a70,0x00000000f5900000)
  to   space 32768K, 0% used [0x00000000fb800000,0x00000000fb800000,0x00000000fd800000)
 ParOldGen       total 128000K, used 61586K [0x0000000080000000, 0x0000000087d00000, 0x00000000d5580000)
  object space 128000K, 48% used [0x0000000080000000,0x0000000083c24b58,0x0000000087d00000)
 Metaspace       used 77718K, capacity 80689K, committed 80920K, reserved 1120256K
  class space    used 10137K, capacity 10756K, committed 10800K, reserved 1048576K
}
Event: 61.240 GC heap before
{Heap before GC invocations=15 (full 3):
 PSYoungGen      total 527872K, used 472278K [0x00000000d5580000, 0x00000000fd800000, 0x0000000100000000)
  eden space 494080K, 92% used [0x00000000d5580000,0x00000000f1370088,0x00000000f3800000)
  from space 33792K, 46% used [0x00000000f3800000,0x00000000f4745a70,0x00000000f5900000)
  to   space 32768K, 0% used [0x00000000fb800000,0x00000000fb800000,0x00000000fd800000)
 ParOldGen       total 128000K, used 61586K [0x0000000080000000, 0x0000000087d00000, 0x00000000d5580000)
  object space 128000K, 48% used [0x0000000080000000,0x0000000083c24b58,0x0000000087d00000)
 Metaspace       used 94814K, capacity 98577K, committed 98600K, reserved 1134592K
  class space    used 12357K, capacity 13110K, committed 13120K, reserved 1048576K
Event: 61.340 GC heap after
Heap after GC invocations=15 (full 3):
 PSYoungGen      total 604160K, used 32767K [0x00000000d5580000, 0x00000000ff900000, 0x0000000100000000)
  eden space 571392K, 0% used [0x00000000d5580000,0x00000000d5580000,0x00000000f8380000)
  from space 32768K, 99% used [0x00000000fb800000,0x00000000fd7ffc10,0x00000000fd800000)
  to   space 53760K, 0% used [0x00000000f8380000,0x00000000f8380000,0x00000000fb800000)
 ParOldGen       total 128000K, used 105535K [0x0000000080000000, 0x0000000087d00000, 0x00000000d5580000)
  object space 128000K, 82% used [0x0000000080000000,0x000000008670fde0,0x0000000087d00000)
 Metaspace       used 94814K, capacity 98577K, committed 98600K, reserved 1134592K
  class space    used 12357K, capacity 13110K, committed 13120K, reserved 1048576K
}
Event: 61.340 GC heap before
{Heap before GC invocations=16 (full 4):
 PSYoungGen      total 604160K, used 32767K [0x00000000d5580000, 0x00000000ff900000, 0x0000000100000000)
  eden space 571392K, 0% used [0x00000000d5580000,0x00000000d5580000,0x00000000f8380000)
  from space 32768K, 99% used [0x00000000fb800000,0x00000000fd7ffc10,0x00000000fd800000)
  to   space 53760K, 0% used [0x00000000f8380000,0x00000000f8380000,0x00000000fb800000)
 ParOldGen       total 128000K, used 105535K [0x0000000080000000, 0x0000000087d00000, 0x00000000d5580000)
  object space 128000K, 82% used [0x0000000080000000,0x000000008670fde0,0x0000000087d00000)
 Metaspace       used 94814K, capacity 98577K, committed 98600K, reserved 1134592K
  class space    used 12357K, capacity 13110K, committed 13120K, reserved 1048576K
Event: 62.091 GC heap after
Heap after GC invocations=16 (full 4):
 PSYoungGen      total 604160K, used 0K [0x00000000d5580000, 0x00000000ff900000, 0x0000000100000000)
  eden space 571392K, 0% used [0x00000000d5580000,0x00000000d5580000,0x00000000f8380000)
  from space 32768K, 0% used [0x00000000fb800000,0x00000000fb800000,0x00000000fd800000)
  to   space 53760K, 0% used [0x00000000f8380000,0x00000000f8380000,0x00000000fb800000)
 ParOldGen       total 268288K, used 125509K [0x0000000080000000, 0x0000000090600000, 0x00000000d5580000)
  object space 268288K, 46% used [0x0000000080000000,0x0000000087a915e8,0x0000000090600000)
 Metaspace       used 94458K, capacity 97979K, committed 98600K, reserved 1134592K
  class space    used 12301K, capacity 13009K, committed 13120K, reserved 1048576K
}
Event: 68.515 GC heap before
{Heap before GC invocations=17 (full 4):
 PSYoungGen      total 604160K, used 571392K [0x00000000d5580000, 0x00000000ff900000, 0x0000000100000000)
  eden space 571392K, 100% used [0x00000000d5580000,0x00000000f8380000,0x00000000f8380000)
  from space 32768K, 0% used [0x00000000fb800000,0x00000000fb800000,0x00000000fd800000)
  to   space 53760K, 0% used [0x00000000f8380000,0x00000000f8380000,0x00000000fb800000)
 ParOldGen       total 268288K, used 125509K [0x0000000080000000, 0x0000000090600000, 0x00000000d5580000)
  object space 268288K, 46% used [0x0000000080000000,0x0000000087a915e8,0x0000000090600000)
 Metaspace       used 99474K, capacity 103661K, committed 103848K, reserved 1138688K
  class space    used 12838K, capacity 13662K, committed 13760K, reserved 1048576K
Event: 68.706 GC heap after
Heap after GC invocations=17 (full 4):
 PSYoungGen      total 625152K, used 53754K [0x00000000d5580000, 0x0000000100000000, 0x0000000100000000)
  eden space 571392K, 0% used [0x00000000d5580000,0x00000000d5580000,0x00000000f8380000)
  from space 53760K, 99% used [0x00000000f8380000,0x00000000fb7febc0,0x00000000fb800000)
  to   space 73728K, 0% used [0x00000000fb800000,0x00000000fb800000,0x0000000100000000)
 ParOldGen       total 268288K, used 166672K [0x0000000080000000, 0x0000000090600000, 0x00000000d5580000)
  object space 268288K, 62% used [0x0000000080000000,0x000000008a2c4390,0x0000000090600000)
 Metaspace       used 99474K, capacity 103661K, committed 103848K, reserved 1138688K
  class space    used 12838K, capacity 13662K, committed 13760K, reserved 1048576K
}

