# JRE version: OpenJDK Runtime Environment (8.0_242-b01) (build 1.8.0_242-release-1644-b01)
# Java VM: OpenJDK 64-Bit Server VM (25.242-b01 mixed mode windows-amd64 compressed oops)
Heap:
 PSYoungGen      total 517632K, used 138410K [0x00000000d5580000, 0x00000000fdd80000, 0x0000000100000000)
  eden space 482304K, 28% used [0x00000000d5580000,0x00000000ddcaabd8,0x00000000f2c80000)
  from space 35328K, 0% used [0x00000000f6980000,0x00000000f6980000,0x00000000f8c00000)
  to   space 62464K, 0% used [0x00000000f2c80000,0x00000000f2c80000,0x00000000f6980000)
 ParOldGen       total 231936K, used 77673K [0x0000000080000000, 0x000000008e280000, 0x00000000d5580000)
  object space 231936K, 33% used [0x0000000080000000,0x0000000084bda438,0x000000008e280000)
 Metaspace       used 105630K, capacity 110158K, committed 110232K, reserved 1144832K
  class space    used 13597K, capacity 14486K, committed 14512K, reserved 1048576K
GC Heap History (10 events):
Event: 62.297 GC heap before
{Heap before GC invocations=20 (full 3):
 PSYoungGen      total 449024K, used 161566K [0x00000000d5580000, 0x00000000f3500000, 0x0000000100000000)
  eden space 423936K, 32% used [0x00000000d5580000,0x00000000ddae4e58,0x00000000ef380000)
  from space 25088K, 99% used [0x00000000f1c80000,0x00000000f34e2b68,0x00000000f3500000)
  to   space 32256K, 0% used [0x00000000ef600000,0x00000000ef600000,0x00000000f1580000)
 ParOldGen       total 102912K, used 66738K [0x0000000080000000, 0x0000000086480000, 0x00000000d5580000)
  object space 102912K, 64% used [0x0000000080000000,0x000000008412ca38,0x0000000086480000)
 Metaspace       used 94895K, capacity 98526K, committed 98584K, reserved 1134592K
  class space    used 12273K, capacity 13054K, committed 13104K, reserved 1048576K
Event: 62.381 GC heap after
Heap after GC invocations=20 (full 3):
 PSYoungGen      total 458752K, used 26793K [0x00000000d5580000, 0x00000000f8c00000, 0x0000000100000000)
  eden space 426496K, 0% used [0x00000000d5580000,0x00000000d5580000,0x00000000ef600000)
  from space 32256K, 83% used [0x00000000ef600000,0x00000000f102a438,0x00000000f1580000)
  to   space 35328K, 0% used [0x00000000f6980000,0x00000000f6980000,0x00000000f8c00000)
 ParOldGen       total 102912K, used 66754K [0x0000000080000000, 0x0000000086480000, 0x00000000d5580000)
  object space 102912K, 64% used [0x0000000080000000,0x0000000084130a38,0x0000000086480000)
 Metaspace       used 94895K, capacity 98526K, committed 98584K, reserved 1134592K
  class space    used 12273K, capacity 13054K, committed 13104K, reserved 1048576K
}
Event: 62.381 GC heap before
{Heap before GC invocations=21 (full 4):
 PSYoungGen      total 458752K, used 26793K [0x00000000d5580000, 0x00000000f8c00000, 0x0000000100000000)
  eden space 426496K, 0% used [0x00000000d5580000,0x00000000d5580000,0x00000000ef600000)
  from space 32256K, 83% used [0x00000000ef600000,0x00000000f102a438,0x00000000f1580000)
  to   space 35328K, 0% used [0x00000000f6980000,0x00000000f6980000,0x00000000f8c00000)
 ParOldGen       total 102912K, used 66754K [0x0000000080000000, 0x0000000086480000, 0x00000000d5580000)
  object space 102912K, 64% used [0x0000000080000000,0x0000000084130a38,0x0000000086480000)
 Metaspace       used 94895K, capacity 98526K, committed 98584K, reserved 1134592K
  class space    used 12273K, capacity 13054K, committed 13104K, reserved 1048576K
Event: 62.853 GC heap after
Heap after GC invocations=21 (full 4):
 PSYoungGen      total 458752K, used 0K [0x00000000d5580000, 0x00000000f8c00000, 0x0000000100000000)
  eden space 426496K, 0% used [0x00000000d5580000,0x00000000d5580000,0x00000000ef600000)
  from space 32256K, 0% used [0x00000000ef600000,0x00000000ef600000,0x00000000f1580000)
  to   space 35328K, 0% used [0x00000000f6980000,0x00000000f6980000,0x00000000f8c00000)
 ParOldGen       total 170496K, used 83540K [0x0000000080000000, 0x000000008a680000, 0x00000000d5580000)
  object space 170496K, 48% used [0x0000000080000000,0x00000000851950c0,0x000000008a680000)
 Metaspace       used 94549K, capacity 97966K, committed 98584K, reserved 1134592K
  class space    used 12219K, capacity 12958K, committed 13104K, reserved 1048576K
}
Event: 68.015 GC heap before
{Heap before GC invocations=22 (full 4):
 PSYoungGen      total 458752K, used 426496K [0x00000000d5580000, 0x00000000f8c00000, 0x0000000100000000)
  eden space 426496K, 100% used [0x00000000d5580000,0x00000000ef600000,0x00000000ef600000)
  from space 32256K, 0% used [0x00000000ef600000,0x00000000ef600000,0x00000000f1580000)
  to   space 35328K, 0% used [0x00000000f6980000,0x00000000f6980000,0x00000000f8c00000)
 ParOldGen       total 170496K, used 83540K [0x0000000080000000, 0x000000008a680000, 0x00000000d5580000)
  object space 170496K, 48% used [0x0000000080000000,0x00000000851950c0,0x000000008a680000)
 Metaspace       used 102868K, capacity 107124K, committed 107416K, reserved 1142784K
  class space    used 13364K, capacity 14197K, committed 14256K, reserved 1048576K
Event: 68.559 GC heap after
Heap after GC invocations=22 (full 4):
 PSYoungGen      total 517632K, used 35319K [0x00000000d5580000, 0x00000000fdd80000, 0x0000000100000000)
  eden space 482304K, 0% used [0x00000000d5580000,0x00000000d5580000,0x00000000f2c80000)
  from space 35328K, 99% used [0x00000000f6980000,0x00000000f8bfdfb0,0x00000000f8c00000)
  to   space 62464K, 0% used [0x00000000f2c80000,0x00000000f2c80000,0x00000000f6980000)
 ParOldGen       total 170496K, used 141250K [0x0000000080000000, 0x000000008a680000, 0x00000000d5580000)
  object space 170496K, 82% used [0x0000000080000000,0x00000000889f09b0,0x000000008a680000)
 Metaspace       used 102868K, capacity 107124K, committed 107416K, reserved 1142784K
  class space    used 13364K, capacity 14197K, committed 14256K, reserved 1048576K
}
Event: 68.559 GC heap before
{Heap before GC invocations=23 (full 5):
 PSYoungGen      total 517632K, used 35319K [0x00000000d5580000, 0x00000000fdd80000, 0x0000000100000000)
  eden space 482304K, 0% used [0x00000000d5580000,0x00000000d5580000,0x00000000f2c80000)
  from space 35328K, 99% used [0x00000000f6980000,0x00000000f8bfdfb0,0x00000000f8c00000)
  to   space 62464K, 0% used [0x00000000f2c80000,0x00000000f2c80000,0x00000000f6980000)
 ParOldGen       total 170496K, used 141250K [0x0000000080000000, 0x000000008a680000, 0x00000000d5580000)
  object space 170496K, 82% used [0x0000000080000000,0x00000000889f09b0,0x000000008a680000)
 Metaspace       used 102868K, capacity 107124K, committed 107416K, reserved 1142784K
  class space    used 13364K, capacity 14197K, committed 14256K, reserved 1048576K
Event: 71.947 GC heap after
Heap after GC invocations=23 (full 5):
 PSYoungGen      total 517632K, used 3572K [0x00000000d5580000, 0x00000000fdd80000, 0x0000000100000000)
  eden space 482304K, 0% used [0x00000000d5580000,0x00000000d5580000,0x00000000f2c80000)
  from space 35328K, 10% used [0x00000000f6980000,0x00000000f6cfd070,0x00000000f8c00000)
  to   space 62464K, 0% used [0x00000000f2c80000,0x00000000f2c80000,0x00000000f6980000)
 ParOldGen       total 170496K, used 170062K [0x0000000080000000, 0x000000008a680000, 0x00000000d5580000)
  object space 170496K, 99% used [0x0000000080000000,0x000000008a613a40,0x000000008a680000)
 Metaspace       used 102799K, capacity 106942K, committed 107416K, reserved 1142784K
  class space    used 13340K, capacity 14154K, committed 14256K, reserved 1048576K
}
Event: 77.824 GC heap before
{Heap before GC invocations=24 (full 6):
 PSYoungGen      total 517632K, used 485876K [0x00000000d5580000, 0x00000000fdd80000, 0x0000000100000000)
  eden space 482304K, 100% used [0x00000000d5580000,0x00000000f2c80000,0x00000000f2c80000)
  from space 35328K, 10% used [0x00000000f6980000,0x00000000f6cfd070,0x00000000f8c00000)
  to   space 62464K, 0% used [0x00000000f2c80000,0x00000000f2c80000,0x00000000f6980000)
 ParOldGen       total 170496K, used 170062K [0x0000000080000000, 0x000000008a680000, 0x00000000d5580000)
  object space 170496K, 99% used [0x0000000080000000,0x000000008a613a40,0x000000008a680000)
 Metaspace       used 104174K, capacity 108412K, committed 108568K, reserved 1142784K
  class space    used 13444K, capacity 14281K, committed 14384K, reserved 1048576K
Event: 78.395 GC heap after
Heap after GC invocations=24 (full 6):
 PSYoungGen      total 517632K, used 0K [0x00000000d5580000, 0x00000000fdd80000, 0x0000000100000000)
  eden space 482304K, 0% used [0x00000000d5580000,0x00000000d5580000,0x00000000f2c80000)
  from space 35328K, 0% used [0x00000000f6980000,0x00000000f6980000,0x00000000f8c00000)
  to   space 62464K, 0% used [0x00000000f2c80000,0x00000000f2c80000,0x00000000f6980000)
 ParOldGen       total 231936K, used 77673K [0x0000000080000000, 0x000000008e280000, 0x00000000d5580000)
  object space 231936K, 33% used [0x0000000080000000,0x0000000084bda438,0x000000008e280000)
 Metaspace       used 104174K, capacity 108412K, committed 108568K, reserved 1142784K
  class space    used 13444K, capacity 14281K, committed 14384K, reserved 1048576K
}

