# JRE version: OpenJDK Runtime Environment (8.0_242-b01) (build 1.8.0_242-release-1644-b01)
# Java VM: OpenJDK 64-Bit Server VM (25.242-b01 mixed mode windows-amd64 compressed oops)
Heap:
 PSYoungGen      total 272384K, used 50847K [0x00000000d5580000, 0x00000000e9400000, 0x0000000100000000)
  eden space 248320K, 20% used [0x00000000d5580000,0x00000000d8727c20,0x00000000e4800000)
  from space 24064K, 0% used [0x00000000e6000000,0x00000000e6000000,0x00000000e7780000)
  to   space 24576K, 0% used [0x00000000e4800000,0x00000000e4800000,0x00000000e6000000)
 ParOldGen       total 99328K, used 34858K [0x0000000080000000, 0x0000000086100000, 0x00000000d5580000)
  object space 99328K, 35% used [0x0000000080000000,0x000000008220a810,0x0000000086100000)
 Metaspace       used 60186K, capacity 62368K, committed 62616K, reserved 1103872K
  class space    used 8259K, capacity 8759K, committed 8880K, reserved 1048576K
GC Heap History (10 events):
Event: 8.581 GC heap before
{Heap before GC invocations=11 (full 2):
 PSYoungGen      total 139776K, used 11747K [0x00000000d5580000, 0x00000000e2e00000, 0x0000000100000000)
  eden space 128000K, 0% used [0x00000000d5580000,0x00000000d5580000,0x00000000dd280000)
  from space 11776K, 99% used [0x00000000dd280000,0x00000000dddf8e30,0x00000000dde00000)
  to   space 13824K, 0% used [0x00000000e2080000,0x00000000e2080000,0x00000000e2e00000)
 ParOldGen       total 47104K, used 7513K [0x0000000080000000, 0x0000000082e00000, 0x00000000d5580000)
  object space 47104K, 15% used [0x0000000080000000,0x0000000080756468,0x0000000082e00000)
 Metaspace       used 34539K, capacity 35460K, committed 35496K, reserved 1079296K
  class space    used 4746K, capacity 5035K, committed 5040K, reserved 1048576K
Event: 8.682 GC heap after
Heap after GC invocations=11 (full 2):
 PSYoungGen      total 139776K, used 0K [0x00000000d5580000, 0x00000000e2e00000, 0x0000000100000000)
  eden space 128000K, 0% used [0x00000000d5580000,0x00000000d5580000,0x00000000dd280000)
  from space 11776K, 0% used [0x00000000dd280000,0x00000000dd280000,0x00000000dde00000)
  to   space 13824K, 0% used [0x00000000e2080000,0x00000000e2080000,0x00000000e2e00000)
 ParOldGen       total 68096K, used 18677K [0x0000000080000000, 0x0000000084280000, 0x00000000d5580000)
  object space 68096K, 27% used [0x0000000080000000,0x000000008123d430,0x0000000084280000)
 Metaspace       used 34539K, capacity 35460K, committed 35496K, reserved 1079296K
  class space    used 4746K, capacity 5035K, committed 5040K, reserved 1048576K
}
Event: 12.317 GC heap before
{Heap before GC invocations=12 (full 2):
 PSYoungGen      total 139776K, used 128000K [0x00000000d5580000, 0x00000000e2e00000, 0x0000000100000000)
  eden space 128000K, 100% used [0x00000000d5580000,0x00000000dd280000,0x00000000dd280000)
  from space 11776K, 0% used [0x00000000dd280000,0x00000000dd280000,0x00000000dde00000)
  to   space 13824K, 0% used [0x00000000e2080000,0x00000000e2080000,0x00000000e2e00000)
 ParOldGen       total 68096K, used 18677K [0x0000000080000000, 0x0000000084280000, 0x00000000d5580000)
  object space 68096K, 27% used [0x0000000080000000,0x000000008123d430,0x0000000084280000)
 Metaspace       used 44604K, capacity 46162K, committed 46376K, reserved 1089536K
  class space    used 6023K, capacity 6383K, committed 6448K, reserved 1048576K
Event: 12.343 GC heap after
Heap after GC invocations=12 (full 2):
 PSYoungGen      total 194048K, used 13810K [0x00000000d5580000, 0x00000000e2e00000, 0x0000000100000000)
  eden space 180224K, 0% used [0x00000000d5580000,0x00000000d5580000,0x00000000e0580000)
  from space 13824K, 99% used [0x00000000e2080000,0x00000000e2dfc800,0x00000000e2e00000)
  to   space 16384K, 0% used [0x00000000e0e00000,0x00000000e0e00000,0x00000000e1e00000)
 ParOldGen       total 68096K, used 21811K [0x0000000080000000, 0x0000000084280000, 0x00000000d5580000)
  object space 68096K, 32% used [0x0000000080000000,0x000000008154cf80,0x0000000084280000)
 Metaspace       used 44604K, capacity 46162K, committed 46376K, reserved 1089536K
  class space    used 6023K, capacity 6383K, committed 6448K, reserved 1048576K
}
Event: 18.711 GC heap before
{Heap before GC invocations=13 (full 2):
 PSYoungGen      total 194048K, used 194034K [0x00000000d5580000, 0x00000000e2e00000, 0x0000000100000000)
  eden space 180224K, 100% used [0x00000000d5580000,0x00000000e0580000,0x00000000e0580000)
  from space 13824K, 99% used [0x00000000e2080000,0x00000000e2dfc800,0x00000000e2e00000)
  to   space 16384K, 0% used [0x00000000e0e00000,0x00000000e0e00000,0x00000000e1e00000)
 ParOldGen       total 68096K, used 21811K [0x0000000080000000, 0x0000000084280000, 0x00000000d5580000)
  object space 68096K, 32% used [0x0000000080000000,0x000000008154cf80,0x0000000084280000)
 Metaspace       used 56797K, capacity 58774K, committed 58920K, reserved 1099776K
  class space    used 7694K, capacity 8212K, committed 8240K, reserved 1048576K
Event: 18.777 GC heap after
Heap after GC invocations=13 (full 2):
 PSYoungGen      total 205312K, used 16375K [0x00000000d5580000, 0x00000000e7780000, 0x0000000100000000)
  eden space 188928K, 0% used [0x00000000d5580000,0x00000000d5580000,0x00000000e0e00000)
  from space 16384K, 99% used [0x00000000e0e00000,0x00000000e1dfdc38,0x00000000e1e00000)
  to   space 24064K, 0% used [0x00000000e6000000,0x00000000e6000000,0x00000000e7780000)
 ParOldGen       total 68096K, used 35935K [0x0000000080000000, 0x0000000084280000, 0x00000000d5580000)
  object space 68096K, 52% used [0x0000000080000000,0x0000000082317d70,0x0000000084280000)
 Metaspace       used 56797K, capacity 58774K, committed 58920K, reserved 1099776K
  class space    used 7694K, capacity 8212K, committed 8240K, reserved 1048576K
}
Event: 18.991 GC heap before
{Heap before GC invocations=14 (full 2):
 PSYoungGen      total 205312K, used 23739K [0x00000000d5580000, 0x00000000e7780000, 0x0000000100000000)
  eden space 188928K, 3% used [0x00000000d5580000,0x00000000d5cb10f0,0x00000000e0e00000)
  from space 16384K, 99% used [0x00000000e0e00000,0x00000000e1dfdc38,0x00000000e1e00000)
  to   space 24064K, 0% used [0x00000000e6000000,0x00000000e6000000,0x00000000e7780000)
 ParOldGen       total 68096K, used 35935K [0x0000000080000000, 0x0000000084280000, 0x00000000d5580000)
  object space 68096K, 52% used [0x0000000080000000,0x0000000082317d70,0x0000000084280000)
 Metaspace       used 57083K, capacity 59124K, committed 59160K, reserved 1099776K
  class space    used 7737K, capacity 8217K, committed 8240K, reserved 1048576K
Event: 19.044 GC heap after
Heap after GC invocations=14 (full 2):
 PSYoungGen      total 272384K, used 736K [0x00000000d5580000, 0x00000000e9400000, 0x0000000100000000)
  eden space 248320K, 0% used [0x00000000d5580000,0x00000000d5580000,0x00000000e4800000)
  from space 24064K, 3% used [0x00000000e6000000,0x00000000e60b8000,0x00000000e7780000)
  to   space 24576K, 0% used [0x00000000e4800000,0x00000000e4800000,0x00000000e6000000)
 ParOldGen       total 68096K, used 47241K [0x0000000080000000, 0x0000000084280000, 0x00000000d5580000)
  object space 68096K, 69% used [0x0000000080000000,0x0000000082e22460,0x0000000084280000)
 Metaspace       used 57083K, capacity 59124K, committed 59160K, reserved 1099776K
  class space    used 7737K, capacity 8217K, committed 8240K, reserved 1048576K
}
Event: 19.044 GC heap before
{Heap before GC invocations=15 (full 3):
 PSYoungGen      total 272384K, used 736K [0x00000000d5580000, 0x00000000e9400000, 0x0000000100000000)
  eden space 248320K, 0% used [0x00000000d5580000,0x00000000d5580000,0x00000000e4800000)
  from space 24064K, 3% used [0x00000000e6000000,0x00000000e60b8000,0x00000000e7780000)
  to   space 24576K, 0% used [0x00000000e4800000,0x00000000e4800000,0x00000000e6000000)
 ParOldGen       total 68096K, used 47241K [0x0000000080000000, 0x0000000084280000, 0x00000000d5580000)
  object space 68096K, 69% used [0x0000000080000000,0x0000000082e22460,0x0000000084280000)
 Metaspace       used 57083K, capacity 59124K, committed 59160K, reserved 1099776K
  class space    used 7737K, capacity 8217K, committed 8240K, reserved 1048576K
Event: 19.404 GC heap after
Heap after GC invocations=15 (full 3):
 PSYoungGen      total 272384K, used 0K [0x00000000d5580000, 0x00000000e9400000, 0x0000000100000000)
  eden space 248320K, 0% used [0x00000000d5580000,0x00000000d5580000,0x00000000e4800000)
  from space 24064K, 0% used [0x00000000e6000000,0x00000000e6000000,0x00000000e7780000)
  to   space 24576K, 0% used [0x00000000e4800000,0x00000000e4800000,0x00000000e6000000)
 ParOldGen       total 99328K, used 34858K [0x0000000080000000, 0x0000000086100000, 0x00000000d5580000)
  object space 99328K, 35% used [0x0000000080000000,0x000000008220a810,0x0000000086100000)
 Metaspace       used 57078K, capacity 59106K, committed 59160K, reserved 1099776K
  class space    used 7735K, capacity 8214K, committed 8240K, reserved 1048576K
}

