# JRE version: OpenJDK Runtime Environment (8.0_242-b01) (build 1.8.0_242-release-1644-b01)
# Java VM: OpenJDK 64-Bit Server VM (25.242-b01 mixed mode windows-amd64 compressed oops)
Heap:
 PSYoungGen      total 276480K, used 118668K [0x00000000d5580000, 0x00000000ef980000, 0x0000000100000000)
  eden space 260096K, 45% used [0x00000000d5580000,0x00000000dc963320,0x00000000e5380000)
  from space 16384K, 0% used [0x00000000e5380000,0x00000000e5380000,0x00000000e6380000)
  to   space 15872K, 0% used [0x00000000eea00000,0x00000000eea00000,0x00000000ef980000)
 ParOldGen       total 82944K, used 15839K [0x0000000080000000, 0x0000000085100000, 0x00000000d5580000)
  object space 82944K, 19% used [0x0000000080000000,0x0000000080f77d68,0x0000000085100000)
 Metaspace       used 43780K, capacity 45360K, committed 45608K, reserved 1089536K
  class space    used 5941K, capacity 6332K, committed 6448K, reserved 1048576K
GC Heap History (10 events):
Event: 5.476 GC heap before
{Heap before GC invocations=5 (full 0):
 PSYoungGen      total 138240K, used 11671K [0x00000000d5580000, 0x00000000de180000, 0x0000000100000000)
  eden space 133120K, 4% used [0x00000000d5580000,0x00000000d5be9f10,0x00000000dd780000)
  from space 5120K, 99% used [0x00000000ddc80000,0x00000000de17c040,0x00000000de180000)
  to   space 5120K, 0% used [0x00000000dd780000,0x00000000dd780000,0x00000000ddc80000)
 ParOldGen       total 87552K, used 11019K [0x0000000080000000, 0x0000000085580000, 0x00000000d5580000)
  object space 87552K, 12% used [0x0000000080000000,0x0000000080ac2ef0,0x0000000085580000)
 Metaspace       used 20622K, capacity 21220K, committed 21296K, reserved 1067008K
  class space    used 2887K, capacity 3084K, committed 3120K, reserved 1048576K
Event: 5.484 GC heap after
Heap after GC invocations=5 (full 0):
 PSYoungGen      total 138240K, used 5108K [0x00000000d5580000, 0x00000000e7380000, 0x0000000100000000)
  eden space 133120K, 0% used [0x00000000d5580000,0x00000000d5580000,0x00000000dd780000)
  from space 5120K, 99% used [0x00000000dd780000,0x00000000ddc7d060,0x00000000ddc80000)
  to   space 13312K, 0% used [0x00000000e6680000,0x00000000e6680000,0x00000000e7380000)
 ParOldGen       total 87552K, used 11247K [0x0000000080000000, 0x0000000085580000, 0x00000000d5580000)
  object space 87552K, 12% used [0x0000000080000000,0x0000000080afbf00,0x0000000085580000)
 Metaspace       used 20622K, capacity 21220K, committed 21296K, reserved 1067008K
  class space    used 2887K, capacity 3084K, committed 3120K, reserved 1048576K
}
Event: 5.484 GC heap before
{Heap before GC invocations=6 (full 1):
 PSYoungGen      total 138240K, used 5108K [0x00000000d5580000, 0x00000000e7380000, 0x0000000100000000)
  eden space 133120K, 0% used [0x00000000d5580000,0x00000000d5580000,0x00000000dd780000)
  from space 5120K, 99% used [0x00000000dd780000,0x00000000ddc7d060,0x00000000ddc80000)
  to   space 13312K, 0% used [0x00000000e6680000,0x00000000e6680000,0x00000000e7380000)
 ParOldGen       total 87552K, used 11247K [0x0000000080000000, 0x0000000085580000, 0x00000000d5580000)
  object space 87552K, 12% used [0x0000000080000000,0x0000000080afbf00,0x0000000085580000)
 Metaspace       used 20622K, capacity 21220K, committed 21296K, reserved 1067008K
  class space    used 2887K, capacity 3084K, committed 3120K, reserved 1048576K
Event: 5.538 GC heap after
Heap after GC invocations=6 (full 1):
 PSYoungGen      total 138240K, used 0K [0x00000000d5580000, 0x00000000e7380000, 0x0000000100000000)
  eden space 133120K, 0% used [0x00000000d5580000,0x00000000d5580000,0x00000000dd780000)
  from space 5120K, 0% used [0x00000000dd780000,0x00000000dd780000,0x00000000ddc80000)
  to   space 13312K, 0% used [0x00000000e6680000,0x00000000e6680000,0x00000000e7380000)
 ParOldGen       total 55808K, used 7112K [0x0000000080000000, 0x0000000083680000, 0x00000000d5580000)
  object space 55808K, 12% used [0x0000000080000000,0x00000000806f20b8,0x0000000083680000)
 Metaspace       used 20622K, capacity 21220K, committed 21296K, reserved 1067008K
  class space    used 2887K, capacity 3084K, committed 3120K, reserved 1048576K
}
Event: 8.923 GC heap before
{Heap before GC invocations=7 (full 1):
 PSYoungGen      total 138240K, used 133120K [0x00000000d5580000, 0x00000000e7380000, 0x0000000100000000)
  eden space 133120K, 100% used [0x00000000d5580000,0x00000000dd780000,0x00000000dd780000)
  from space 5120K, 0% used [0x00000000dd780000,0x00000000dd780000,0x00000000ddc80000)
  to   space 13312K, 0% used [0x00000000e6680000,0x00000000e6680000,0x00000000e7380000)
 ParOldGen       total 55808K, used 7112K [0x0000000080000000, 0x0000000083680000, 0x00000000d5580000)
  object space 55808K, 12% used [0x0000000080000000,0x00000000806f20b8,0x0000000083680000)
 Metaspace       used 32273K, capacity 33140K, committed 33328K, reserved 1077248K
  class space    used 4399K, capacity 4641K, committed 4656K, reserved 1048576K
Event: 8.960 GC heap after
Heap after GC invocations=7 (full 1):
 PSYoungGen      total 244736K, used 13308K [0x00000000d5580000, 0x00000000e7380000, 0x0000000100000000)
  eden space 231424K, 0% used [0x00000000d5580000,0x00000000d5580000,0x00000000e3780000)
  from space 13312K, 99% used [0x00000000e6680000,0x00000000e737f068,0x00000000e7380000)
  to   space 16384K, 0% used [0x00000000e5380000,0x00000000e5380000,0x00000000e6380000)
 ParOldGen       total 55808K, used 7767K [0x0000000080000000, 0x0000000083680000, 0x00000000d5580000)
  object space 55808K, 13% used [0x0000000080000000,0x0000000080795e30,0x0000000083680000)
 Metaspace       used 32273K, capacity 33140K, committed 33328K, reserved 1077248K
  class space    used 4399K, capacity 4641K, committed 4656K, reserved 1048576K
}
Event: 10.228 GC heap before
{Heap before GC invocations=8 (full 1):
 PSYoungGen      total 244736K, used 63757K [0x00000000d5580000, 0x00000000e7380000, 0x0000000100000000)
  eden space 231424K, 21% used [0x00000000d5580000,0x00000000d86c4558,0x00000000e3780000)
  from space 13312K, 99% used [0x00000000e6680000,0x00000000e737f068,0x00000000e7380000)
  to   space 16384K, 0% used [0x00000000e5380000,0x00000000e5380000,0x00000000e6380000)
 ParOldGen       total 55808K, used 7767K [0x0000000080000000, 0x0000000083680000, 0x00000000d5580000)
  object space 55808K, 13% used [0x0000000080000000,0x0000000080795e30,0x0000000083680000)
 Metaspace       used 34464K, capacity 35402K, committed 35496K, reserved 1079296K
  class space    used 4721K, capacity 4998K, committed 5040K, reserved 1048576K
Event: 10.253 GC heap after
Heap after GC invocations=8 (full 1):
 PSYoungGen      total 276480K, used 9210K [0x00000000d5580000, 0x00000000ef980000, 0x0000000100000000)
  eden space 260096K, 0% used [0x00000000d5580000,0x00000000d5580000,0x00000000e5380000)
  from space 16384K, 56% used [0x00000000e5380000,0x00000000e5c7ebf8,0x00000000e6380000)
  to   space 15872K, 0% used [0x00000000eea00000,0x00000000eea00000,0x00000000ef980000)
 ParOldGen       total 55808K, used 7775K [0x0000000080000000, 0x0000000083680000, 0x00000000d5580000)
  object space 55808K, 13% used [0x0000000080000000,0x0000000080797e30,0x0000000083680000)
 Metaspace       used 34464K, capacity 35402K, committed 35496K, reserved 1079296K
  class space    used 4721K, capacity 4998K, committed 5040K, reserved 1048576K
}
Event: 10.253 GC heap before
{Heap before GC invocations=9 (full 2):
 PSYoungGen      total 276480K, used 9210K [0x00000000d5580000, 0x00000000ef980000, 0x0000000100000000)
  eden space 260096K, 0% used [0x00000000d5580000,0x00000000d5580000,0x00000000e5380000)
  from space 16384K, 56% used [0x00000000e5380000,0x00000000e5c7ebf8,0x00000000e6380000)
  to   space 15872K, 0% used [0x00000000eea00000,0x00000000eea00000,0x00000000ef980000)
 ParOldGen       total 55808K, used 7775K [0x0000000080000000, 0x0000000083680000, 0x00000000d5580000)
  object space 55808K, 13% used [0x0000000080000000,0x0000000080797e30,0x0000000083680000)
 Metaspace       used 34464K, capacity 35402K, committed 35496K, reserved 1079296K
  class space    used 4721K, capacity 4998K, committed 5040K, reserved 1048576K
Event: 10.411 GC heap after
Heap after GC invocations=9 (full 2):
 PSYoungGen      total 276480K, used 0K [0x00000000d5580000, 0x00000000ef980000, 0x0000000100000000)
  eden space 260096K, 0% used [0x00000000d5580000,0x00000000d5580000,0x00000000e5380000)
  from space 16384K, 0% used [0x00000000e5380000,0x00000000e5380000,0x00000000e6380000)
  to   space 15872K, 0% used [0x00000000eea00000,0x00000000eea00000,0x00000000ef980000)
 ParOldGen       total 82944K, used 15839K [0x0000000080000000, 0x0000000085100000, 0x00000000d5580000)
  object space 82944K, 19% used [0x0000000080000000,0x0000000080f77d68,0x0000000085100000)
 Metaspace       used 34464K, capacity 35402K, committed 35496K, reserved 1079296K
  class space    used 4721K, capacity 4998K, committed 5040K, reserved 1048576K
}

